2018-08-07 15:29:20.164 ERROR 8956 --- [restartedMain] o.s.boot.SpringApplication               : Application run failed

org.springframework.boot.context.properties.bind.BindException: Failed to bind properties under 'logging.level' to java.util.Map<java.lang.String, java.lang.String>
	at org.springframework.boot.context.properties.bind.Binder.handleBindError(Binder.java:250) ~[spring-boot-2.0.0.RELEASE.jar:2.0.0.RELEASE]
	at org.springframework.boot.context.properties.bind.Binder.bind(Binder.java:226) ~[spring-boot-2.0.0.RELEASE.jar:2.0.0.RELEASE]
	at org.springframework.boot.context.properties.bind.Binder.bind(Binder.java:210) ~[spring-boot-2.0.0.RELEASE.jar:2.0.0.RELEASE]
	at org.springframework.boot.context.properties.bind.Binder.bind(Binder.java:166) ~[spring-boot-2.0.0.RELEASE.jar:2.0.0.RELEASE]
	at org.springframework.boot.context.logging.LoggingApplicationListener.setLogLevels(LoggingApplicationListener.java:307) ~[spring-boot-2.0.0.RELEASE.jar:2.0.0.RELEASE]
	at org.springframework.boot.context.logging.LoggingApplicationListener.initializeFinalLoggingLevels(LoggingApplicationListener.java:290) ~[spring-boot-2.0.0.RELEASE.jar:2.0.0.RELEASE]
	at org.springframework.boot.context.logging.LoggingApplicationListener.initialize(LoggingApplicationListener.java:238) ~[spring-boot-2.0.0.RELEASE.jar:2.0.0.RELEASE]
	at org.springframework.boot.context.logging.LoggingApplicationListener.onApplicationEnvironmentPreparedEvent(LoggingApplicationListener.java:200) ~[spring-boot-2.0.0.RELEASE.jar:2.0.0.RELEASE]
	at org.springframework.boot.context.logging.LoggingApplicationListener.onApplicationEvent(LoggingApplicationListener.java:173) ~[spring-boot-2.0.0.RELEASE.jar:2.0.0.RELEASE]
	at org.springframework.context.event.SimpleApplicationEventMulticaster.doInvokeListener(SimpleApplicationEventMulticaster.java:172) ~[spring-context-5.0.4.RELEASE.jar:5.0.4.RELEASE]
	at org.springframework.context.event.SimpleApplicationEventMulticaster.invokeListener(SimpleApplicationEventMulticaster.java:165) ~[spring-context-5.0.4.RELEASE.jar:5.0.4.RELEASE]
	at org.springframework.context.event.SimpleApplicationEventMulticaster.multicastEvent(SimpleApplicationEventMulticaster.java:139) ~[spring-context-5.0.4.RELEASE.jar:5.0.4.RELEASE]
	at org.springframework.context.event.SimpleApplicationEventMulticaster.multicastEvent(SimpleApplicationEventMulticaster.java:127) ~[spring-context-5.0.4.RELEASE.jar:5.0.4.RELEASE]
	at org.springframework.boot.context.event.EventPublishingRunListener.environmentPrepared(EventPublishingRunListener.java:74) ~[spring-boot-2.0.0.RELEASE.jar:2.0.0.RELEASE]
	at org.springframework.boot.SpringApplicationRunListeners.environmentPrepared(SpringApplicationRunListeners.java:54) ~[spring-boot-2.0.0.RELEASE.jar:2.0.0.RELEASE]
	at org.springframework.boot.SpringApplication.prepareEnvironment(SpringApplication.java:351) [spring-boot-2.0.0.RELEASE.jar:2.0.0.RELEASE]
	at org.springframework.boot.SpringApplication.run(SpringApplication.java:317) [spring-boot-2.0.0.RELEASE.jar:2.0.0.RELEASE]
	at org.springframework.boot.SpringApplication.run(SpringApplication.java:1246) [spring-boot-2.0.0.RELEASE.jar:2.0.0.RELEASE]
	at org.springframework.boot.SpringApplication.run(SpringApplication.java:1234) [spring-boot-2.0.0.RELEASE.jar:2.0.0.RELEASE]
	at com.wtwd.springboot.SpringbootApplication.main(SpringbootApplication.java:18) [classes/:na]
	at sun.reflect.NativeMethodAccessorImpl.invoke0(Native Method) ~[na:1.8.0_144]
	at sun.reflect.NativeMethodAccessorImpl.invoke(NativeMethodAccessorImpl.java:62) ~[na:1.8.0_144]
	at sun.reflect.DelegatingMethodAccessorImpl.invoke(DelegatingMethodAccessorImpl.java:43) ~[na:1.8.0_144]
	at java.lang.reflect.Method.invoke(Method.java:498) ~[na:1.8.0_144]
	at org.springframework.boot.devtools.restart.RestartLauncher.run(RestartLauncher.java:49) [spring-boot-devtools-2.0.0.RELEASE.jar:2.0.0.RELEASE]
Caused by: org.springframework.core.convert.ConverterNotFoundException: No converter found capable of converting from type [java.lang.String] to type [java.util.Map<java.lang.String, java.lang.String>]
	at org.springframework.core.convert.support.GenericConversionService.handleConverterNotFound(GenericConversionService.java:321) ~[spring-core-5.0.4.RELEASE.jar:5.0.4.RELEASE]
	at org.springframework.core.convert.support.GenericConversionService.convert(GenericConversionService.java:194) ~[spring-core-5.0.4.RELEASE.jar:5.0.4.RELEASE]
	at org.springframework.boot.context.properties.bind.BindConverter$CompositeConversionService.convert(BindConverter.java:162) ~[spring-boot-2.0.0.RELEASE.jar:2.0.0.RELEASE]
	at org.springframework.boot.context.properties.bind.BindConverter.convert(BindConverter.java:96) ~[spring-boot-2.0.0.RELEASE.jar:2.0.0.RELEASE]
	at org.springframework.boot.context.properties.bind.BindConverter.convert(BindConverter.java:88) ~[spring-boot-2.0.0.RELEASE.jar:2.0.0.RELEASE]
	at org.springframework.boot.context.properties.bind.MapBinder.bindAggregate(MapBinder.java:66) ~[spring-boot-2.0.0.RELEASE.jar:2.0.0.RELEASE]
	at org.springframework.boot.context.properties.bind.AggregateBinder.bind(AggregateBinder.java:58) ~[spring-boot-2.0.0.RELEASE.jar:2.0.0.RELEASE]
	at org.springframework.boot.context.properties.bind.Binder.lambda$bindAggregate$2(Binder.java:306) ~[spring-boot-2.0.0.RELEASE.jar:2.0.0.RELEASE]
	at org.springframework.boot.context.properties.bind.Binder$Context.withIncreasedDepth(Binder.java:439) ~[spring-boot-2.0.0.RELEASE.jar:2.0.0.RELEASE]
	at org.springframework.boot.context.properties.bind.Binder$Context.access$100(Binder.java:379) ~[spring-boot-2.0.0.RELEASE.jar:2.0.0.RELEASE]
	at org.springframework.boot.context.properties.bind.Binder.bindAggregate(Binder.java:305) ~[spring-boot-2.0.0.RELEASE.jar:2.0.0.RELEASE]
	at org.springframework.boot.context.properties.bind.Binder.bindObject(Binder.java:263) ~[spring-boot-2.0.0.RELEASE.jar:2.0.0.RELEASE]
	at org.springframework.boot.context.properties.bind.Binder.bind(Binder.java:221) ~[spring-boot-2.0.0.RELEASE.jar:2.0.0.RELEASE]
	... 23 common frames omitted

2018-08-07 15:29:48.047  INFO 9624 --- [restartedMain] c.wtwd.springboot.SpringbootApplication  : Starting SpringbootApplication on ZZHIKUN-A8 with PID 9624 (F:\WorkSpace\springboot\target\classes started by Administrator in F:\WorkSpace\springboot)
2018-08-07 15:29:48.049  INFO 9624 --- [restartedMain] c.wtwd.springboot.SpringbootApplication  : No active profile set, falling back to default profiles: default
2018-08-07 15:29:48.101  INFO 9624 --- [restartedMain] ConfigServletWebServerApplicationContext : Refreshing org.springframework.boot.web.servlet.context.AnnotationConfigServletWebServerApplicationContext@5f1b6fb3: startup date [Tue Aug 07 15:29:48 CST 2018]; root of context hierarchy
2018-08-07 15:29:49.301  INFO 9624 --- [restartedMain] o.s.b.w.embedded.tomcat.TomcatWebServer  : Tomcat initialized with port(s): 8080 (http)
2018-08-07 15:29:49.318  INFO 9624 --- [restartedMain] o.apache.catalina.core.StandardService   : Starting service [Tomcat]
2018-08-07 15:29:49.319  INFO 9624 --- [restartedMain] org.apache.catalina.core.StandardEngine  : Starting Servlet Engine: Apache Tomcat/8.5.28
2018-08-07 15:29:49.321  INFO 9624 --- [localhost-startStop-1] o.a.catalina.core.AprLifecycleListener   : The APR based Apache Tomcat Native library which allows optimal performance in production environments was not found on the java.library.path: [D:\java-jdk\jdk1.8.0_144\bin;C:\Windows\Sun\Java\bin;C:\Windows\system32;C:\Windows;C:\ProgramData\Oracle\Java\javapath;C:\Windows\system32;C:\Windows;C:\Windows\System32\Wbem;C:\Windows\System32\WindowsPowerShell\v1.0\;C:\Program Files (x86)\Windows7Master;D:\java-jdk\jdk1.8.0_144\bin;D:\java-jdk\jdk1.8.0_144\jre\bin;D:\Program Files\nodejs\;C:\Program Files\VisualSVN Server\bin;F:\Maven\apache-maven-3.3.9\bin;C:\Program Files\TortoiseSVN\bin;C:\Program Files\Git\cmd;C:\Program Files\MongoDB\Server\3.2\bin;C:\Users\Administrator\AppData\Roaming\npm;C:\Program Files (x86)\SSH Communications Security\SSH Secure Shell;.]
2018-08-07 15:29:49.385  INFO 9624 --- [localhost-startStop-1] o.a.c.c.C.[Tomcat].[localhost].[/]       : Initializing Spring embedded WebApplicationContext
2018-08-07 15:29:49.386  INFO 9624 --- [localhost-startStop-1] o.s.web.context.ContextLoader            : Root WebApplicationContext: initialization completed in 1285 ms
2018-08-07 15:29:49.538  INFO 9624 --- [localhost-startStop-1] o.s.b.w.servlet.ServletRegistrationBean  : Servlet dispatcherServlet mapped to [/]
2018-08-07 15:29:49.539  INFO 9624 --- [localhost-startStop-1] o.s.b.w.servlet.ServletRegistrationBean  : Servlet statViewServlet mapped to [/druid/*]
2018-08-07 15:29:49.542  INFO 9624 --- [localhost-startStop-1] o.s.b.w.servlet.FilterRegistrationBean   : Mapping filter: 'characterEncodingFilter' to: [/*]
2018-08-07 15:29:49.542  INFO 9624 --- [localhost-startStop-1] o.s.b.w.servlet.FilterRegistrationBean   : Mapping filter: 'hiddenHttpMethodFilter' to: [/*]
2018-08-07 15:29:49.543  INFO 9624 --- [localhost-startStop-1] o.s.b.w.servlet.FilterRegistrationBean   : Mapping filter: 'httpPutFormContentFilter' to: [/*]
2018-08-07 15:29:49.543  INFO 9624 --- [localhost-startStop-1] o.s.b.w.servlet.FilterRegistrationBean   : Mapping filter: 'requestContextFilter' to: [/*]
2018-08-07 15:29:49.543  INFO 9624 --- [localhost-startStop-1] o.s.b.w.servlet.FilterRegistrationBean   : Mapping filter: 'webStatFilter' to urls: [/*]
2018-08-07 15:29:50.304  INFO 9624 --- [restartedMain] s.w.s.m.m.a.RequestMappingHandlerAdapter : Looking for @ControllerAdvice: org.springframework.boot.web.servlet.context.AnnotationConfigServletWebServerApplicationContext@5f1b6fb3: startup date [Tue Aug 07 15:29:48 CST 2018]; root of context hierarchy
2018-08-07 15:29:50.364  INFO 9624 --- [restartedMain] s.w.s.m.m.a.RequestMappingHandlerMapping : Mapped "{[/api/v1.1/index]}" onto public java.lang.String com.wtwd.springboot.controller.IndexController.index()
2018-08-07 15:29:50.366  INFO 9624 --- [restartedMain] s.w.s.m.m.a.RequestMappingHandlerMapping : Mapped "{[/api/v1.1/current],methods=[GET]}" onto public java.lang.String com.wtwd.springboot.controller.IndexController.allDevice(org.springframework.ui.Model,java.lang.String)
2018-08-07 15:29:50.366  INFO 9624 --- [restartedMain] s.w.s.m.m.a.RequestMappingHandlerMapping : Mapped "{[/api/v1.1/error]}" onto public java.lang.String com.wtwd.springboot.controller.IndexController.testError()
2018-08-07 15:29:50.366  INFO 9624 --- [restartedMain] s.w.s.m.m.a.RequestMappingHandlerMapping : Mapped "{[/api/v1.1/query],methods=[GET]}" onto public com.wtwd.springboot.common.BaseResult com.wtwd.springboot.controller.IndexController.queryByParam(java.lang.String,java.lang.String)
2018-08-07 15:29:50.366  INFO 9624 --- [restartedMain] s.w.s.m.m.a.RequestMappingHandlerMapping : Mapped "{[/api/v1.1/json]}" onto public com.wtwd.springboot.model.Device com.wtwd.springboot.controller.IndexController.getDeviceJson()
2018-08-07 15:29:50.366  INFO 9624 --- [restartedMain] s.w.s.m.m.a.RequestMappingHandlerMapping : Mapped "{[/api/v1.1/mobile/{type}/{id}],methods=[GET]}" onto public com.wtwd.springboot.common.BaseResult com.wtwd.springboot.controller.IndexController.getUserLocationFromType(java.lang.String,int)
2018-08-07 15:29:50.369  INFO 9624 --- [restartedMain] s.w.s.m.m.a.RequestMappingHandlerMapping : Mapped "{[/error]}" onto public org.springframework.http.ResponseEntity<java.util.Map<java.lang.String, java.lang.Object>> org.springframework.boot.autoconfigure.web.servlet.error.BasicErrorController.error(javax.servlet.http.HttpServletRequest)
2018-08-07 15:29:50.370  INFO 9624 --- [restartedMain] s.w.s.m.m.a.RequestMappingHandlerMapping : Mapped "{[/error],produces=[text/html]}" onto public org.springframework.web.servlet.ModelAndView org.springframework.boot.autoconfigure.web.servlet.error.BasicErrorController.errorHtml(javax.servlet.http.HttpServletRequest,javax.servlet.http.HttpServletResponse)
2018-08-07 15:29:50.417  INFO 9624 --- [restartedMain] o.s.w.s.handler.SimpleUrlHandlerMapping  : Mapped URL path [/webjars/**] onto handler of type [class org.springframework.web.servlet.resource.ResourceHttpRequestHandler]
2018-08-07 15:29:50.417  INFO 9624 --- [restartedMain] o.s.w.s.handler.SimpleUrlHandlerMapping  : Mapped URL path [/**] onto handler of type [class org.springframework.web.servlet.resource.ResourceHttpRequestHandler]
2018-08-07 15:29:50.436  INFO 9624 --- [restartedMain] .m.m.a.ExceptionHandlerExceptionResolver : Detected @ExceptionHandler methods in globalDefaultExceptionHandler
2018-08-07 15:29:50.462  INFO 9624 --- [restartedMain] o.s.w.s.handler.SimpleUrlHandlerMapping  : Mapped URL path [/**/favicon.ico] onto handler of type [class org.springframework.web.servlet.resource.ResourceHttpRequestHandler]
2018-08-07 15:29:50.559  INFO 9624 --- [restartedMain] o.s.b.a.w.s.WelcomePageHandlerMapping    : Adding welcome page template: index
2018-08-07 15:29:50.811  INFO 9624 --- [restartedMain] o.s.b.d.a.OptionalLiveReloadServer       : LiveReload server is running on port 35729
2018-08-07 15:29:50.957  INFO 9624 --- [restartedMain] o.s.j.e.a.AnnotationMBeanExporter        : Registering beans for JMX exposure on startup
2018-08-07 15:29:50.958  INFO 9624 --- [restartedMain] o.s.j.e.a.AnnotationMBeanExporter        : Bean with name 'dataSource' has been autodetected for JMX exposure
2018-08-07 15:29:50.963  INFO 9624 --- [restartedMain] o.s.j.e.a.AnnotationMBeanExporter        : Located MBean 'dataSource': registering with JMX server as MBean [com.alibaba.druid.pool:name=dataSource,type=DruidDataSource]
2018-08-07 15:29:50.992  INFO 9624 --- [restartedMain] o.s.b.w.embedded.tomcat.TomcatWebServer  : Tomcat started on port(s): 8080 (http) with context path ''
2018-08-07 15:29:50.995  INFO 9624 --- [restartedMain] c.wtwd.springboot.SpringbootApplication  : Started SpringbootApplication in 3.316 seconds (JVM running for 3.932)
2018-08-07 15:29:54.436  INFO 9624 --- [http-nio-8080-exec-1] o.a.c.c.C.[Tomcat].[localhost].[/]       : Initializing Spring FrameworkServlet 'dispatcherServlet'
2018-08-07 15:29:54.436  INFO 9624 --- [http-nio-8080-exec-1] o.s.web.servlet.DispatcherServlet        : FrameworkServlet 'dispatcherServlet': initialization started
2018-08-07 15:29:54.457  INFO 9624 --- [http-nio-8080-exec-1] o.s.web.servlet.DispatcherServlet        : FrameworkServlet 'dispatcherServlet': initialization completed in 21 ms
2018-08-07 15:29:54.489  INFO 9624 --- [http-nio-8080-exec-1] c.w.s.controller.IndexController         : id ------------- > 1
2018-08-07 15:35:47.419  INFO 9624 --- [Thread-13] ConfigServletWebServerApplicationContext : Closing org.springframework.boot.web.servlet.context.AnnotationConfigServletWebServerApplicationContext@5f1b6fb3: startup date [Tue Aug 07 15:29:48 CST 2018]; root of context hierarchy
2018-08-07 15:35:47.425  INFO 9624 --- [Thread-13] o.s.j.e.a.AnnotationMBeanExporter        : Unregistering JMX-exposed beans on shutdown
2018-08-07 15:35:47.426  INFO 9624 --- [Thread-13] o.s.j.e.a.AnnotationMBeanExporter        : Unregistering JMX-exposed beans
